<?xml version="1.0" encoding="UTF-8"?>
<testsuites>
  <testsuite name="FailureErrorTest"
             file="/home/sb/FailureErrorTest.php"
             tests="2"
             assertions="1"
             failures="1"
             errors="1"
             time="0.019744">
    <testcase name="testFailure"
              class="FailureErrorTest"
              file="/home/sb/FailureErrorTest.php"
              line="6"
              assertions="1"
              time="0.011456">
      <failure type="PHPUnit_Framework_ExpectationFailedException">
testFailure(FailureErrorTest)
Failed asserting that &lt;integer:2&gt; matches expected value &lt;integer:1&gt;.

/home/sb/FailureErrorTest.php:8
</failure>
    </testcase>
    <testcase name="testError"
              class="FailureErrorTest"
              file="/home/sb/FailureErrorTest.php"
              line="11"
              assertions="0"
              time="0.008288">
      <error type="Exception">testError(FailureErrorTest)
Exception:

/home/sb/FailureErrorTest.php:13
</error>
    </testcase>
  </testsuite>
</testsuites>

